<?xml version="1.0" encoding="UTF-8"?>
<!-- Generated by org.testng.reporters.JUnitReportReporter -->
<testsuite hostname="NODE153" name="com.selenium.tests.RodanFieldsTest" tests="1" failures="0" timestamp="2 Nov 2016 08:58:27 GMT" time="25.257" errors="0">
  <testcase name="testSkincareProducts" time="25.257" classname="com.selenium.tests.RodanFieldsTest"/>
</testsuite> <!-- com.selenium.tests.RodanFieldsTest -->
